Diagnostic:  Starting dictionary of authorship
Diagnostic:  Returning to dictionary
Diagnostic:  Starting dictionary of paths
Diagnostic:  Returning to dictionary
Diagnostic:  Starting list of dependencies
Diagnostic:  Returning to dictionary
Diagnostic:  Starting list of pins
Diagnostic:  Returning to dictionary
Diagnostic:  Starting list of default_conditions
Diagnostic:  Returning to dictionary
Diagnostic:  Starting list of electrical_parameters
Diagnostic:  Starting dictionary of spec
Diagnostic:  Returning to list
Diagnostic:  Starting dictionary of simulate
Diagnostic:  Returning to list
Diagnostic:  Starting list of conditions
Diagnostic:  Returning to list
Diagnostic:  Returning to dictionary
Working directory set to project root at /home/cmaier/EDA/efabless/chipalooza2024/sky130_rodovalho_ip__lpopamp
Forcing regeneration of parasitic-extracted netlist.
Error:  No netlist or layout for project sky130_rodovalho_ip__lpopamp.
(layout master file mag/sky130_rodovalho_ip__lpopamp.mag not found.)

Forcing regeneration of layout-extracted netlist.
Error:  No netlist or layout for project sky130_rodovalho_ip__lpopamp.
(layout master file mag/sky130_rodovalho_ip__lpopamp.mag not found.)

Forcing regeneration of schematic-captured netlist.
Generating simulation netlist from schematic. . .
Calling xschem to generate netlist
Executing: xschem -n -s -r -x -q --tcl set lvs_netlist 1 ; append XSCHEM_LIBRARY_PATH :/home/cmaier/EDA/efabless/chipalooza2024/sky130_rodovalho_ip__lpopamp ; append XSCHEM_LIBRARY_PATH :netlist/schematic --rcfile /usr/local/share/pdk/sky130A/libs.tech/xschem/xschemrc -o netlist/schematic -N sky130_rodovalho_ip__lpopamp.spice xschem/sky130_rodovalho_ip__lpopamp.sch
CWD is /home/cmaier/EDA/efabless/chipalooza2024/sky130_rodovalho_ip__lpopamp
Warning: open net: xn
Warning: open net: xp
Warning: open net: ynm
Warning: open net: ynp
Warning: open net: ypm
Warning: open net: ypp
Warning: open net: znp
Warning: open net: zpp
Warning: open net: bna
Warning: open net: bpa
Warning: open net: bpb
Error: Symbol lpopamp_slice.sym has 21 pins, its schematic has 19 pins
Error: Symbol lpopamp_slice.sym: symbol pin: en not in schematic
Error: Symbol lpopamp_slice.sym: symbol pin: enb not in schematic
Generating testbench netlist tb_lpopamp_open_op.spice from schematic. . .
Calling xschem to generate netlist
Executing: xschem -n -s -r -x -q --tcl append XSCHEM_LIBRARY_PATH :/home/cmaier/EDA/efabless/chipalooza2024/sky130_rodovalho_ip__lpopamp ; append XSCHEM_LIBRARY_PATH :cace --rcfile /usr/local/share/pdk/sky130A/libs.tech/xschem/xschemrc -o cace -N tb_lpopamp_open_op.spice cace/tb_lpopamp_open_op.sch
Evaluating electrical parameter idd
Generating simulation files for parameter idd
No SPICE netlist exists at /home/cmaier/EDA/efabless/chipalooza2024/sky130_rodovalho_ip__lpopamp/netlist/rcx/sky130_rodovalho_ip__lpopamp.spice and no verilog path exists.
This is an error condition.
Launching Simulations
Skipping parameter idd (no testbenches).
Collating results
Parameter idd skipped for evaluation.
